<?xml version="1.0" encoding="UTF-8"?>
<robot generator="Robot 3.2.2 (Python 3.9.1 on win32)" generated="20210116 12:38:26.618" rpa="false">
<suite id="s1" name="Booking" source="C:\Users\orozc\OneDrive\Documentos\QA labs\qaminds_rf_2021\QAMinds_RF_04\booking.robot">
<test id="s1-t1" name="Fill Search Booking">
<kw name="ChromeDriver Setup" library="driver_setup" type="setup">
<kw name="Split Path" library="OperatingSystem">
<doc>Splits the given path from the last path separator (``/`` or ``\``).</doc>
<arguments>
<arg>C:\\Users\\orozc\\OneDrive\\Documentos\\QA labs\\qaminds_rf_2021\\QAMinds_RF_04</arg>
</arguments>
<assign>
<var>${parent_path}</var>
<var>${dir}</var>
</assign>
<msg timestamp="20210116 12:38:27.012" level="INFO">${parent_path} = C:\Users\orozc\OneDrive\Documentos\QA labs\qaminds_rf_2021</msg>
<msg timestamp="20210116 12:38:27.013" level="INFO">${dir} = QAMinds_RF_04</msg>
<status status="PASS" starttime="20210116 12:38:27.012" endtime="20210116 12:38:27.013"></status>
</kw>
<kw name="Create Webdriver" library="SeleniumLibrary">
<doc>Creates an instance of Selenium WebDriver.</doc>
<arguments>
<arg>Chrome</arg>
<arg>executable_path=${parent_path}\\drivers\\chromedriver.exe</arg>
</arguments>
<msg timestamp="20210116 12:38:27.014" level="INFO">Creating an instance of the Chrome WebDriver.</msg>
<status status="PASS" starttime="20210116 12:38:27.013" endtime="20210116 12:38:30.591"></status>
</kw>
<kw name="Maximize Browser Window" library="SeleniumLibrary">
<doc>Maximizes current browser window.</doc>
<status status="PASS" starttime="20210116 12:38:30.591" endtime="20210116 12:38:32.756"></status>
</kw>
<status status="PASS" starttime="20210116 12:38:27.012" endtime="20210116 12:38:32.757"></status>
</kw>
<kw name="Go To" library="SeleniumLibrary">
<doc>Navigates the current browser window to the provided ``url``.</doc>
<arguments>
<arg>https://www.phptravels.net/</arg>
</arguments>
<msg timestamp="20210116 12:38:32.758" level="INFO">Opening url 'https://www.phptravels.net/'</msg>
<status status="PASS" starttime="20210116 12:38:32.758" endtime="20210116 12:38:37.638"></status>
</kw>
<kw name="Input Text" library="SeleniumLibrary">
<doc>Types the given ``text`` into the text field identified by ``locator``.</doc>
<arguments>
<arg>class:select2-input</arg>
<arg>London</arg>
</arguments>
<msg timestamp="20210116 12:38:37.639" level="INFO">Typing text 'London' into text field 'class:select2-input'.</msg>
<kw name="Capture Page Screenshot" library="SeleniumLibrary">
<doc>Takes a screenshot of the current page and embeds it into a log file.</doc>
<msg timestamp="20210116 12:38:38.492" level="INFO" html="yes">&lt;/td&gt;&lt;/tr&gt;&lt;tr&gt;&lt;td colspan="3"&gt;&lt;a href="selenium-screenshot-9.png"&gt;&lt;img src="selenium-screenshot-9.png" width="800px"&gt;&lt;/a&gt;</msg>
<status status="PASS" starttime="20210116 12:38:37.731" endtime="20210116 12:38:38.492"></status>
</kw>
<msg timestamp="20210116 12:38:38.497" level="FAIL">ElementNotInteractableException: Message: element not interactable
  (Session info: chrome=87.0.4280.141)
</msg>
<status status="FAIL" starttime="20210116 12:38:37.638" endtime="20210116 12:38:38.497"></status>
</kw>
<kw name="ChromeDriver Close" library="driver_setup" type="teardown">
<kw name="Close Browser" library="SeleniumLibrary">
<doc>Closes the current browser.</doc>
<status status="PASS" starttime="20210116 12:38:38.498" endtime="20210116 12:38:40.814"></status>
</kw>
<status status="PASS" starttime="20210116 12:38:38.497" endtime="20210116 12:38:40.815"></status>
</kw>
<status status="FAIL" starttime="20210116 12:38:27.010" endtime="20210116 12:38:40.816" critical="yes">ElementNotInteractableException: Message: element not interactable
  (Session info: chrome=87.0.4280.141)
</status>
</test>
<status status="FAIL" starttime="20210116 12:38:26.622" endtime="20210116 12:38:40.822"></status>
</suite>
<statistics>
<total>
<stat pass="0" fail="1">Critical Tests</stat>
<stat pass="0" fail="1">All Tests</stat>
</total>
<tag>
</tag>
<suite>
<stat pass="0" fail="1" id="s1" name="Booking">Booking</stat>
</suite>
</statistics>
<errors>
</errors>
</robot>
